0 info it worked if it ends with ok
1 verbose cli [ 'C:\\Program Files\\nodejs\\node.exe',
1 verbose cli   'C:\\Users\\Harinatha Gongati\\AppData\\Roaming\\npm\\node_modules\\npm\\bin\\npm-cli.js',
1 verbose cli   'start' ]
2 info using npm@3.3.7
3 info using node@v5.0.0
4 verbose run-script [ 'prestart', 'start', 'poststart' ]
5 info lifecycle angularjs-template@0.0.4~prestart: angularjs-template@0.0.4
6 verbose lifecycle angularjs-template@0.0.4~prestart: unsafe-perm in lifecycle true
7 verbose lifecycle angularjs-template@0.0.4~prestart: PATH: C:\Program Files (x86)\Intel\iCLS Client\;C:\Program Files\Intel\iCLS Client\;C:\Windows\system32;C:\Windows;C:\Windows\System32\Wbem;C:\Windows\System32\WindowsPowerShell\v1.0\;C:\Program Files\Intel\Intel(R) Management Engine Components\DAL;C:\Program Files\Intel\Intel(R) Management Engine Components\IPT;C:\Program Files (x86)\Intel\Intel(R) Management Engine Components\DAL;C:\Program Files (x86)\Intel\Intel(R) Management Engine Components\IPT;C:\Windows\System32\WindowsPowerShell\v1.0\;C:\Program Files\Java\jdk1.7.0_79\bin;C:\Program Files\nodejs\;C:\Users\Harinatha Gongati\AppData\Local\Mozilla Firefox;C:\Program Files (x86)\Intel\iCLS Client\;C:\Program Files\Intel\iCLS Client\;C:\Windows\system32;C:\Windows;C:\Windows\System32\Wbem;C:\Windows\System32\WindowsPowerShell\v1.0\;C:\Program Files\Intel\Intel(R) Management Engine Components\DAL;C:\Program Files\Intel\Intel(R) Management Engine Components\IPT;C:\Program Files (x86)\Intel\Intel(R) Management Engine Components\DAL;C:\Program Files (x86)\Intel\Intel(R) Management Engine Components\IPT;C:\Windows\System32\WindowsPowerShell\v1.0\;C:\Program Files\Java\jdk1.7.0_79\bin;C:\Windows\system32\config\systemprofile\.dnx\bin;C:\Program Files\Microsoft DNX\Dnvm\;C:\Program Files\Microsoft SQL Server\130\Tools\Binn\;C:\Program Files\Microsoft SQL Server\Client SDK\ODBC\110\Tools\Binn\;C:\Program Files (x86)\Microsoft SQL Server\120\Tools\Binn\;C:\Program Files\Microsoft SQL Server\120\Tools\Binn\;C:\Program Files\Microsoft SQL Server\120\DTS\Binn\;C:\Program Files (x86)\Microsoft SQL Server\120\Tools\Binn\ManagementStudio\;C:\Program Files (x86)\Microsoft SQL Server\120\DTS\Binn\;C:\Program Files\TortoiseSVN\bin;C:\Program Files\Microsoft\Web Platform Installer\;C:\Program Files (x86)\Microsoft SQL Server\Client SDK\ODBC\130\Tools\Binn\;C:\Program Files (x86)\Microsoft SQL Server\130\Tools\Binn\;C:\Program Files (x86)\Microsoft SQL Server\130\DTS\Binn\;C:\Program Files (x86)\Microsoft SQL Server\130\Tools\Binn\ManagementStudio\;C:\Program Files\nodejs\;C:\Program Files (x86)\Skype\Phone\;C:\Users\Harinatha Gongati\AppData\Roaming\npm;C:\Users\Harinatha Gongati\AppData\Local\Programs\Git\cmd;C:\Ruby23-x64\bin
8 verbose lifecycle angularjs-template@0.0.4~prestart: CWD: E:\xampp\htdocs\todos\angularjs-template
9 silly lifecycle angularjs-template@0.0.4~prestart: Args: [ '/d /s /c', 'npm install' ]
10 silly lifecycle angularjs-template@0.0.4~prestart: Returned: code: 1  signal: null
11 info lifecycle angularjs-template@0.0.4~prestart: Failed to exec prestart script
12 verbose stack Error: angularjs-template@0.0.4 prestart: `npm install`
12 verbose stack Exit status 1
12 verbose stack     at EventEmitter.<anonymous> (C:\Users\Harinatha Gongati\AppData\Roaming\npm\node_modules\npm\lib\utils\lifecycle.js:222:16)
12 verbose stack     at emitTwo (events.js:87:13)
12 verbose stack     at EventEmitter.emit (events.js:172:7)
12 verbose stack     at ChildProcess.<anonymous> (C:\Users\Harinatha Gongati\AppData\Roaming\npm\node_modules\npm\lib\utils\spawn.js:24:14)
12 verbose stack     at emitTwo (events.js:87:13)
12 verbose stack     at ChildProcess.emit (events.js:172:7)
12 verbose stack     at maybeClose (internal/child_process.js:818:16)
12 verbose stack     at Process.ChildProcess._handle.onexit (internal/child_process.js:211:5)
13 verbose pkgid angularjs-template@0.0.4
14 verbose cwd E:\xampp\htdocs\todos\angularjs-template
15 error Windows_NT 6.1.7601
16 error argv "C:\\Program Files\\nodejs\\node.exe" "C:\\Users\\Harinatha Gongati\\AppData\\Roaming\\npm\\node_modules\\npm\\bin\\npm-cli.js" "start"
17 error node v5.0.0
18 error npm  v3.3.7
19 error code ELIFECYCLE
20 error angularjs-template@0.0.4 prestart: `npm install`
20 error Exit status 1
21 error Failed at the angularjs-template@0.0.4 prestart script 'npm install'.
21 error This is most likely a problem with the angularjs-template package,
21 error not with npm itself.
21 error Tell the author that this fails on your system:
21 error     npm install
21 error You can get their info via:
21 error     npm owner ls angularjs-template
21 error There is likely additional logging output above.
22 verbose exit [ 1, true ]
